#
# A fatal error has been detected by the Java Runtime Environment:
#
#  EXCEPTION_ACCESS_VIOLATION (0xc0000005) at pc=0x00007ffcf778fa2a, pid=5440, tid=11388
#
# JRE version: OpenJDK Runtime Environment Temurin-17.0.4.1+1 (17.0.4.1+1) (build 17.0.4.1+1)
# Java VM: OpenJDK 64-Bit Server VM Temurin-17.0.4.1+1 (17.0.4.1+1, mixed mode, emulated-client, tiered, compressed oops, compressed class ptrs, g1 gc, windows-amd64)
# Problematic frame:
# V  [jvm.dll+0x79fa2a]
#
# No core dump will be written. Minidumps are not enabled by default on client versions of Windows
#
# If you would like to submit a bug report, please visit:
#   https://github.com/adoptium/adoptium-support/issues
#

---------------  S U M M A R Y ------------

Command Line: -XX:+ShowCodeDetailsInExceptionMessages -agentlib:jdwp=transport=dt_socket,suspend=y,address=localhost:57823 -Dcom.sun.management.jmxremote -Dcom.sun.management.jmxremote.port=57822 -Dcom.sun.management.jmxremote.authenticate=false -Dcom.sun.management.jmxremote.ssl=false -Djava.rmi.server.hostname=localhost -Dspring.jmx.enabled=true -Dspring.application.admin.enabled=true -XX:TieredStopAtLevel=1 -Dspring.boot.project.name=User-Service -javaagent:C:\Users\Its\Downloads\sts-4.16.1.RELEASE\configuration\org.eclipse.osgi\268\0\.cp\lib\javaagent-shaded.jar -Dfile.encoding=UTF-8 com.user.UserServiceApplication --spring.output.ansi.enabled=always

Host: Intel(R) Core(TM) i5-4590 CPU @ 3.30GHz, 4 cores, 7G,  Windows 10 , 64 bit Build 19041 (10.0.19041.2364)
Time: Tue Jan 17 03:12:57 2023 Pacific Standard Time elapsed time: 211.373288 seconds (0d 0h 3m 31s)

---------------  T H R E A D  ---------------

Current thread (0x000002dc8eb4a9c0):  JavaThread "JDWP Transport Listener: dt_socket" daemon [_thread_in_vm, id=11388, stack(0x000000df45800000,0x000000df45900000)]

Stack: [0x000000df45800000,0x000000df45900000],  sp=0x000000df458ff360,  free space=1020k
Native frames: (J=compiled Java code, j=interpreted, Vv=VM code, C=native code)
V  [jvm.dll+0x79fa2a]
V  [jvm.dll+0x50965c]
V  [jvm.dll+0x4d0cc4]
C  [jdwp.dll+0x22f7b]


siginfo: EXCEPTION_ACCESS_VIOLATION (0xc0000005), reading address 0x0000000000870025


Register to memory mapping:

RIP=0x00007ffcf778fa2a jvm.dll
RAX=0x0000000000000086 is an unknown value
RBX=0x000002dc8dfbabd9 points into unknown readable memory: 61 75 6c 74 44 69 73
RCX=0x0000000000870021 is an unknown value
RDX=0x000002dc936273e0 points into unknown readable memory: 0x6573752f6d6f634c | 4c 63 6f 6d 2f 75 73 65
RSP=0x000000df458ff360 is pointing into the stack for thread: 0x000002dc8eb4a9c0
RBP=0x000002dc8eb36710 points into unknown readable memory: 0x0000000000000002 | 02 00 00 00 00 00 00 00
RSI=0x0 is NULL
RDI=0xffffffffffffffff is an unknown value
R8 =0x000000000000010d is an unknown value
R9 =0x0000000000000040 is an unknown value
R10=0x0000000000000100 is an unknown value
R11=0x000000df458ff380 is pointing into the stack for thread: 0x000002dc8eb4a9c0
R12=0x000000df458ff4b8 is pointing into the stack for thread: 0x000002dc8eb4a9c0
R13=0x0 is NULL
R14=0x0000000100384800 is a pointer to class: 
com.user.services.impl.UserServiceImpl {0x0000000100384808}
 - instance size:     3
 - klass size:        73
 - access:            public synchronized 
 - state:             fully_initialized
 - name:              'com/user/services/impl/UserServiceImpl'
 - super:             'java/lang/Object'
 - sub:               
 - arrays:            NULL
 - methods:           Array<T>(0x000002dc950a6e70)
 - method ordering:   Array<T>(0x000002dc950a7278)
 - default_methods:   Array<T>(0x0000000000000000)
 - local interfaces:  Array<T>(0x000002dc91e0ff88)
 - trans. interfaces: Array<T>(0x000002dc91e0ff88)
 - constants:         constant pool [217] {0x000002dc950a80e8} for 'com/user/services/impl/UserServiceImpl' cache=0x000002dc950a87f0
 - class loader data:  loader data: 0x000002dc8df5f960 for instance a 'jdk/internal/loader/ClassLoaders$AppClassLoader'{0x000000008180ac00}
 - source file:       'UserServiceImpl.java'
 - source debug extension:       SMAP
UserServiceImpl.java
Java
*S jdt
*F
1 UserServiceImpl.java
2 file:/C:/Users/Its/Documents/Practice/User-Service/target/classes/
*L
*E

 - class annotations:       Array<T>(0x000002dc950a7248)
 - class type annotations:  Array<T>(0x0000000000000000)
 - field annotations:       Array<T>(0x000002dc950a6e00)
 - field type annotations:  Array<T>(0x0000000000000000)
 - previous version:  constant pool [212] {0x000002dc91e10008} for 'com/user/services/impl/UserServiceImpl' (extra) cache=0x000002dc946369a8
 - generic signature: '
[error occurred during error reporting (printing register info), id 0xc0000005, EXCEPTION_ACCESS_VIOLATION (0xc0000005) at pc=0x00007ffcf7790636]

Registers:
RAX=0x0000000000000086, RBX=0x000002dc8dfbabd9, RCX=0x0000000000870021, RDX=0x000002dc936273e0
RSP=0x000000df458ff360, RBP=0x000002dc8eb36710, RSI=0x0000000000000000, RDI=0xffffffffffffffff
R8 =0x000000000000010d, R9 =0x0000000000000040, R10=0x0000000000000100, R11=0x000000df458ff380
R12=0x000000df458ff4b8, R13=0x0000000000000000, R14=0x0000000100384800, R15=0x000000df458ff4e0
RIP=0x00007ffcf778fa2a, EFLAGS=0x0000000000010206

Top of Stack: (sp=0x000000df458ff360)
0x000000df458ff360:   0000000000000026 0000000100384800
0x000000df458ff370:   000002dc9083a210 00007ffd487947b1
0x000000df458ff380:   ffffffffffffffff 00007ffcf74f965c
0x000000df458ff390:   000002dc8dfbabd9 000002dc8dfbabb0
0x000000df458ff3a0:   000002dc8eb36710 0000000000000000
0x000000df458ff3b0:   000002dc8dfbab70 00000000000003d8
0x000000df458ff3c0:   000002dc8dfbab80 000002dc8dfbaf58
0x000000df458ff3d0:   0000000000018501 000000df458ff4b8
0x000000df458ff3e0:   0000000000000007 000002dc8eb4ac68
0x000000df458ff3f0:   0000000081ef93e0 00007ffcf74c0cc4
0x000000df458ff400:   000002dc8eb4a9c0 000000df458ff4e0
0x000000df458ff410:   000002dcfe9cd760 000000df458ff4e0
0x000000df458ff420:   000002dc8eb4a9c0 0000000000000000
0x000000df458ff430:   0000000000000000 0000000000000000
0x000000df458ff440:   000002dc8f5e84b0 00007ffd3b752f7b
0x000000df458ff450:   000000df458ff4d8 00007ffd3b761600 

Instructions: (pc=0x00007ffcf778fa2a)
0x00007ffcf778f92a:   48 83 c4 20 5f e9 bc 69 90 ff cc cc cc cc cc cc
0x00007ffcf778f93a:   cc cc cc cc cc cc 48 89 5c 24 08 57 48 83 ec 20
0x00007ffcf778f94a:   83 fa 02 8d 42 06 b9 08 00 00 00 49 8b d8 0f 4e
0x00007ffcf778f95a:   c1 48 63 c8 48 83 c1 07 83 e1 f8 48 63 f9 49 8b
0x00007ffcf778f96a:   48 18 48 8b c7 48 f7 d0 48 3b c1 73 16 4c 8d 05
0x00007ffcf778f97a:   ba 58 17 00 48 8b d7 48 8b cb e8 c7 cc 90 ff 48
0x00007ffcf778f98a:   8b 4b 18 48 8d 04 39 48 3b 43 20 76 18 45 33 c0
0x00007ffcf778f99a:   48 8b d7 48 8b cb 48 8b 5c 24 30 48 83 c4 20 5f
0x00007ffcf778f9aa:   e9 21 c9 90 ff 48 89 43 18 48 8b c1 48 8b 5c 24
0x00007ffcf778f9ba:   30 48 83 c4 20 5f c3 cc cc cc cc cc cc cc cc cc
0x00007ffcf778f9ca:   cc cc cc cc cc cc 4c 8b d2 4c 8b d9 45 85 c0 7e
0x00007ffcf778f9da:   3c 44 0f b7 49 04 41 8d 40 ff 41 3b c1 44 0f 4c
0x00007ffcf778f9ea:   c8 4d 63 c1 45 85 c9 7e 1f 48 8b c2 4c 2b da 49
0x00007ffcf778f9fa:   8b d0 0f 1f 40 00 41 0f b6 4c 03 06 88 08 48 8d
0x00007ffcf778fa0a:   40 01 48 83 ea 01 75 ee 43 c6 04 10 00 49 8b c2
0x00007ffcf778fa1a:   c3 cc cc cc cc cc 48 89 5c 24 08 57 48 83 ec 20
0x00007ffcf778fa2a:   0f b7 59 04 48 8b f9 33 d2 48 8d 4b 01 e8 f4 d9
0x00007ffcf778fa3a:   f2 ff 0f b7 57 04 4c 8b c0 3b da 0f 42 d3 44 8b
0x00007ffcf778fa4a:   ca 85 d2 74 39 48 2b f8 0f 1f 40 00 66 66 0f 1f
0x00007ffcf778fa5a:   84 00 00 00 00 00 0f b6 4c 07 06 88 08 48 ff c0
0x00007ffcf778fa6a:   48 8b c8 49 2b c8 49 3b c9 7c eb 42 c6 04 02 00
0x00007ffcf778fa7a:   49 8b c0 48 8b 5c 24 30 48 83 c4 20 5f c3 48 8b
0x00007ffcf778fa8a:   5c 24 30 c6 04 02 00 48 83 c4 20 5f c3 cc cc cc
0x00007ffcf778fa9a:   cc cc cc cc cc cc 4c 8b d1 45 85 c0 7e 6c 44 0f
0x00007ffcf778faaa:   b7 49 04 41 8d 40 ff 41 3b c1 44 0f 4c c8 4d 63
0x00007ffcf778faba:   d9 45 85 c9 7e 22 48 8b ca 4c 2b d2 4d 8b c3 0f
0x00007ffcf778faca:   1f 80 00 00 00 00 41 0f b6 44 0a 06 88 01 48 8d
0x00007ffcf778fada:   49 01 49 83 e8 01 75 ee 41 c6 04 13 00 48 c7 c0
0x00007ffcf778faea:   ff ff ff ff 66 90 48 ff c0 80 3c 02 00 75 f7 48
0x00007ffcf778fafa:   63 c8 85 c0 48 8b c2 7e 14 80 38 2f 75 03 c6 00
0x00007ffcf778fb0a:   2e 48 ff c0 48 83 e9 01 75 ef 48 8b c2 c3 cc cc
0x00007ffcf778fb1a:   cc cc cc cc cc cc 48 83 ec 28 e8 f7 fe ff ff 4c 


Stack slot to memory mapping:
stack at sp + 0 slots: 0x0000000000000026 is an unknown value
stack at sp + 1 slots: 0x0000000100384800 is a pointer to class: 
com.user.services.impl.UserServiceImpl {0x0000000100384808}
 - instance size:     3
 - klass size:        73
 - access:            public synchronized 
 - state:             fully_initialized
 - name:              'com/user/services/impl/UserServiceImpl'
 - super:             'java/lang/Object'
 - sub:               
 - arrays:            NULL
 - methods:           Array<T>(0x000002dc950a6e70)
 - method ordering:   Array<T>(0x000002dc950a7278)
 - default_methods:   Array<T>(0x0000000000000000)
 - local interfaces:  Array<T>(0x000002dc91e0ff88)
 - trans. interfaces: Array<T>(0x000002dc91e0ff88)
 - constants:         constant pool [217] {0x000002dc950a80e8} for 'com/user/services/impl/UserServiceImpl' cache=0x000002dc950a87f0
 - class loader data:  loader data: 0x000002dc8df5f960 for instance a 'jdk/internal/loader/ClassLoaders$AppClassLoader'{0x000000008180ac00}
 - source file:       'UserServiceImpl.java'
 - source debug extension:       SMAP
UserServiceImpl.java
Java
*S jdt
*F
1 UserServiceImpl.java
2 file:/C:/Users/Its/Documents/Practice/User-Service/target/classes/
*L
*E

 - class annotations:       Array<T>(0x000002dc950a7248)
 - class type annotations:  Array<T>(0x0000000000000000)
 - field annotations:       Array<T>(0x000002dc950a6e00)
 - field type annotations:  Array<T>(0x0000000000000000)
 - previous version:  constant pool [212] {0x000002dc91e10008} for 'com/user/services/impl/UserServiceImpl' (extra) cache=0x000002dc946369a8
 - generic signature: '
[error occurred during error reporting (inspecting top of stack), id 0xc0000005, EXCEPTION_ACCESS_VIOLATION (0xc0000005) at pc=0x00007ffcf7790636]


---------------  P R O C E S S  ---------------

Threads class SMR info:
_java_thread_list=0x000002dc8f6c9270, length=38, elements={
0x000002dc8df6f5b0, 0x000002dc8df70ad0, 0x000002dc8e9150d0, 0x000002dc8e915990,
0x000002dc8e917a00, 0x000002dc8e918a60, 0x000002dc8e91e080, 0x000002dc8e92a250,
0x000002dc8df06e60, 0x000002dc8eb4a9c0, 0x000002dc8eb4c070, 0x000002dc8eb4f4a0,
0x000002dc8f379d00, 0x000002dc8f4c65c0, 0x000002dc8f545ef0, 0x000002dc8f54cef0,
0x000002dc90575010, 0x000002dc90589420, 0x000002dc905b9580, 0x000002dc905f3f60,
0x000002dc905f4dd0, 0x000002dc905f4900, 0x000002dc905f52a0, 0x000002dc905f6110,
0x000002dc937850a0, 0x000002dc93784bd0, 0x000002dc937816e0, 0x000002dc93781bb0,
0x000002dc93784700, 0x000002dc93785f10, 0x000002dc9377fed0, 0x000002dc93782550,
0x000002dc937863e0, 0x000002dc937868b0, 0x000002dc937833c0, 0x000002dc937803a0,
0x000002dc93785570, 0x000002dc9377f060
}

Java Threads: ( => current thread )
  0x000002dc8df6f5b0 JavaThread "Reference Handler" daemon [_thread_blocked, id=5472, stack(0x000000df44c00000,0x000000df44d00000)]
  0x000002dc8df70ad0 JavaThread "Finalizer" daemon [_thread_blocked, id=11500, stack(0x000000df44d00000,0x000000df44e00000)]
  0x000002dc8e9150d0 JavaThread "Signal Dispatcher" daemon [_thread_blocked, id=7716, stack(0x000000df44e00000,0x000000df44f00000)]
  0x000002dc8e915990 JavaThread "Attach Listener" daemon [_thread_blocked, id=8912, stack(0x000000df44f00000,0x000000df45000000)]
  0x000002dc8e917a00 JavaThread "Service Thread" daemon [_thread_blocked, id=2208, stack(0x000000df45000000,0x000000df45100000)]
  0x000002dc8e918a60 JavaThread "Monitor Deflation Thread" daemon [_thread_blocked, id=7220, stack(0x000000df45100000,0x000000df45200000)]
  0x000002dc8e91e080 JavaThread "C1 CompilerThread0" daemon [_thread_blocked, id=7128, stack(0x000000df45200000,0x000000df45300000)]
  0x000002dc8e92a250 JavaThread "Sweeper thread" daemon [_thread_blocked, id=11652, stack(0x000000df45300000,0x000000df45400000)]
  0x000002dc8df06e60 JavaThread "Common-Cleaner" daemon [_thread_blocked, id=11940, stack(0x000000df45400000,0x000000df45500000)]
=>0x000002dc8eb4a9c0 JavaThread "JDWP Transport Listener: dt_socket" daemon [_thread_in_vm, id=11388, stack(0x000000df45800000,0x000000df45900000)]
  0x000002dc8eb4c070 JavaThread "JDWP Event Helper Thread" daemon [_thread_blocked, id=2584, stack(0x000000df45900000,0x000000df45a00000)]
  0x000002dc8eb4f4a0 JavaThread "JDWP Command Reader" daemon [_thread_in_native, id=3192, stack(0x000000df45a00000,0x000000df45b00000)]
  0x000002dc8f379d00 JavaThread "Notification Thread" daemon [_thread_blocked, id=7548, stack(0x000000df45b00000,0x000000df45c00000)]
  0x000002dc8f4c65c0 JavaThread "RMI TCP Accept-0" daemon [_thread_in_native, id=5960, stack(0x000000df45f00000,0x000000df46000000)]
  0x000002dc8f545ef0 JavaThread "RMI TCP Accept-57822" daemon [_thread_in_native, id=4748, stack(0x000000df46000000,0x000000df46100000)]
  0x000002dc8f54cef0 JavaThread "RMI TCP Accept-0" daemon [_thread_in_native, id=11792, stack(0x000000df46100000,0x000000df46200000)]
  0x000002dc90575010 JavaThread "RMI Scheduler(0)" daemon [_thread_blocked, id=7900, stack(0x000000df46400000,0x000000df46500000)]
  0x000002dc90589420 JavaThread "RMI TCP Connection(idle)" daemon [_thread_blocked, id=9628, stack(0x000000df46500000,0x000000df46600000)]
  0x000002dc905b9580 JavaThread "JMX server connection timeout 24" daemon [_thread_blocked, id=8076, stack(0x000000df46600000,0x000000df46700000)]
  0x000002dc905f3f60 JavaThread "Catalina-utility-1" [_thread_blocked, id=11244, stack(0x000000df46700000,0x000000df46800000)]
  0x000002dc905f4dd0 JavaThread "Catalina-utility-2" [_thread_blocked, id=4396, stack(0x000000df46800000,0x000000df46900000)]
  0x000002dc905f4900 JavaThread "container-0" [_thread_blocked, id=7868, stack(0x000000df46900000,0x000000df46a00000)]
  0x000002dc905f52a0 JavaThread "mysql-cj-abandoned-connection-cleanup" daemon [_thread_blocked, id=7304, stack(0x000000df46a00000,0x000000df46b00000)]
  0x000002dc905f6110 JavaThread "HikariPool-1 housekeeper" daemon [_thread_blocked, id=11540, stack(0x000000df46c00000,0x000000df46d00000)]
  0x000002dc937850a0 JavaThread "spring.cloud.inetutils" daemon [_thread_blocked, id=12224, stack(0x000000df46e00000,0x000000df46f00000)]
  0x000002dc93784bd0 JavaThread "http-nio-8080-exec-1" daemon [_thread_blocked, id=3636, stack(0x000000df46f00000,0x000000df47000000)]
  0x000002dc937816e0 JavaThread "http-nio-8080-exec-2" daemon [_thread_blocked, id=8932, stack(0x000000df47000000,0x000000df47100000)]
  0x000002dc93781bb0 JavaThread "http-nio-8080-exec-3" daemon [_thread_blocked, id=3364, stack(0x000000df47100000,0x000000df47200000)]
  0x000002dc93784700 JavaThread "http-nio-8080-exec-4" daemon [_thread_blocked, id=9924, stack(0x000000df47200000,0x000000df47300000)]
  0x000002dc93785f10 JavaThread "http-nio-8080-exec-5" daemon [_thread_blocked, id=3728, stack(0x000000df47300000,0x000000df47400000)]
  0x000002dc9377fed0 JavaThread "http-nio-8080-exec-6" daemon [_thread_blocked, id=1056, stack(0x000000df47400000,0x000000df47500000)]
  0x000002dc93782550 JavaThread "http-nio-8080-exec-7" daemon [_thread_blocked, id=10916, stack(0x000000df47500000,0x000000df47600000)]
  0x000002dc937863e0 JavaThread "http-nio-8080-exec-8" daemon [_thread_blocked, id=7820, stack(0x000000df47600000,0x000000df47700000)]
  0x000002dc937868b0 JavaThread "http-nio-8080-exec-9" daemon [_thread_blocked, id=5316, stack(0x000000df47700000,0x000000df47800000)]
  0x000002dc937833c0 JavaThread "http-nio-8080-exec-10" daemon [_thread_blocked, id=10880, stack(0x000000df47800000,0x000000df47900000)]
  0x000002dc937803a0 JavaThread "http-nio-8080-Poller" daemon [_thread_in_native, id=4332, stack(0x000000df47900000,0x000000df47a00000)]
  0x000002dc93785570 JavaThread "http-nio-8080-Acceptor" daemon [_thread_in_native, id=2044, stack(0x000000df47a00000,0x000000df47b00000)]
  0x000002dc9377f060 JavaThread "DestroyJavaVM" [_thread_blocked, id=9996, stack(0x000000df44500000,0x000000df44600000)]

Other Threads:
  0x000002dc8df61ad0 VMThread "VM Thread" [stack: 0x000000df44b00000,0x000000df44c00000] [id=2220]
  0x000002dcfe9de010 WatcherThread [stack: 0x000000df46200000,0x000000df46300000] [id=1080]
  0x000002dcfea37d30 GCTaskThread "GC Thread#0" [stack: 0x000000df44600000,0x000000df44700000] [id=7776]
  0x000002dc8f4050d0 GCTaskThread "GC Thread#1" [stack: 0x000000df45c00000,0x000000df45d00000] [id=7628]
  0x000002dc8f405380 GCTaskThread "GC Thread#2" [stack: 0x000000df45d00000,0x000000df45e00000] [id=1064]
  0x000002dc8f496900 GCTaskThread "GC Thread#3" [stack: 0x000000df45e00000,0x000000df45f00000] [id=11680]
  0x000002dcfea48940 ConcurrentGCThread "G1 Main Marker" [stack: 0x000000df44700000,0x000000df44800000] [id=6888]
  0x000002dcfea49a00 ConcurrentGCThread "G1 Conc#0" [stack: 0x000000df44800000,0x000000df44900000] [id=8672]
  0x000002dcfeaaebc0 ConcurrentGCThread "G1 Refine#0" [stack: 0x000000df44900000,0x000000df44a00000] [id=5360]
  0x000002dc8ddd2d90 ConcurrentGCThread "G1 Service" [stack: 0x000000df44a00000,0x000000df44b00000] [id=8664]

Threads with active compile tasks:

VM state: not at safepoint (normal execution)

VM Mutex/Monitor currently owned by a thread: None

Heap address: 0x0000000081200000, size: 2030 MB, Compressed Oops mode: 32-bit

CDS archive(s) not mapped
Compressed class space mapped at: 0x0000000100000000-0x0000000140000000, reserved size: 1073741824
Narrow klass base: 0x0000000000000000, Narrow klass shift: 3, Narrow klass range: 0x140000000

GC Precious Log:
 CPUs: 4 total, 4 available
 Memory: 8113M
 Large Page Support: Disabled
 NUMA Support: Disabled
 Compressed Oops: Enabled (32-bit)
 Heap Region Size: 1M
 Heap Min Capacity: 8M
 Heap Initial Capacity: 128M
 Heap Max Capacity: 2030M
 Pre-touch: Disabled
 Parallel Workers: 4
 Concurrent Workers: 1
 Concurrent Refinement Workers: 4
 Periodic GC: Disabled

Heap:
 garbage-first heap   total 95232K, used 32630K [0x0000000081200000, 0x0000000100000000)
  region size 1024K, 8 young (8192K), 4 survivors (4096K)
 Metaspace       used 70469K, committed 70848K, reserved 1114112K
  class space    used 9299K, committed 9472K, reserved 1048576K

Heap Regions: E=young(eden), S=young(survivor), O=old, HS=humongous(starts), HC=humongous(continues), CS=collection set, F=free, OA=open archive, CA=closed archive, TAMS=top-at-mark-start (previous, next)
|   0|0x0000000081200000, 0x0000000081300000, 0x0000000081300000|100%|HS|  |TAMS 0x0000000081300000, 0x0000000081200000| Complete 
|   1|0x0000000081300000, 0x0000000081400000, 0x0000000081400000|100%| O|  |TAMS 0x0000000081400000, 0x0000000081300000| Untracked 
|   2|0x0000000081400000, 0x0000000081500000, 0x0000000081500000|100%| O|  |TAMS 0x0000000081500000, 0x0000000081400000| Untracked 
|   3|0x0000000081500000, 0x0000000081600000, 0x0000000081600000|100%| O|  |TAMS 0x0000000081600000, 0x0000000081500000| Untracked 
|   4|0x0000000081600000, 0x0000000081700000, 0x0000000081700000|100%| O|  |TAMS 0x0000000081700000, 0x0000000081600000| Untracked 
|   5|0x0000000081700000, 0x0000000081800000, 0x0000000081800000|100%| O|  |TAMS 0x0000000081800000, 0x0000000081700000| Untracked 
|   6|0x0000000081800000, 0x0000000081900000, 0x0000000081900000|100%| O|  |TAMS 0x0000000081900000, 0x0000000081800000| Untracked 
|   7|0x0000000081900000, 0x0000000081967200, 0x0000000081a00000| 40%| O|  |TAMS 0x0000000081967200, 0x0000000081900000| Untracked 
|   8|0x0000000081a00000, 0x0000000081b00000, 0x0000000081b00000|100%| O|  |TAMS 0x0000000081b00000, 0x0000000081a00000| Untracked 
|   9|0x0000000081b00000, 0x0000000081c00000, 0x0000000081c00000|100%| O|  |TAMS 0x0000000081c00000, 0x0000000081b00000| Untracked 
|  10|0x0000000081c00000, 0x0000000081d00000, 0x0000000081d00000|100%| O|  |TAMS 0x0000000081d00000, 0x0000000081c00000| Untracked 
|  11|0x0000000081d00000, 0x0000000081e00000, 0x0000000081e00000|100%| O|  |TAMS 0x0000000081e00000, 0x0000000081d00000| Untracked 
|  12|0x0000000081e00000, 0x0000000081f00000, 0x0000000081f00000|100%| O|  |TAMS 0x0000000081f00000, 0x0000000081e00000| Untracked 
|  13|0x0000000081f00000, 0x0000000082000000, 0x0000000082000000|100%| O|  |TAMS 0x0000000082000000, 0x0000000081f00000| Untracked 
|  14|0x0000000082000000, 0x0000000082100000, 0x0000000082100000|100%| O|  |TAMS 0x0000000082100000, 0x0000000082000000| Untracked 
|  15|0x0000000082100000, 0x0000000082200000, 0x0000000082200000|100%| O|  |TAMS 0x0000000082200000, 0x0000000082100000| Untracked 
|  16|0x0000000082200000, 0x0000000082300000, 0x0000000082300000|100%| O|  |TAMS 0x0000000082300000, 0x0000000082200000| Untracked 
|  17|0x0000000082300000, 0x0000000082400000, 0x0000000082400000|100%| O|  |TAMS 0x0000000082400000, 0x0000000082300000| Untracked 
|  18|0x0000000082400000, 0x00000000824ffff8, 0x0000000082500000| 99%| O|  |TAMS 0x00000000824ffff8, 0x0000000082400000| Untracked 
|  19|0x0000000082500000, 0x0000000082600000, 0x0000000082600000|100%| O|  |TAMS 0x00000000825f0200, 0x0000000082500000| Untracked 
|  20|0x0000000082600000, 0x0000000082700000, 0x0000000082700000|100%| O|  |TAMS 0x0000000082600000, 0x0000000082600000| Untracked 
|  21|0x0000000082700000, 0x0000000082800000, 0x0000000082800000|100%| O|  |TAMS 0x0000000082700000, 0x0000000082700000| Untracked 
|  22|0x0000000082800000, 0x0000000082900000, 0x0000000082900000|100%| O|  |TAMS 0x0000000082800000, 0x0000000082800000| Untracked 
|  23|0x0000000082900000, 0x0000000082a00000, 0x0000000082a00000|100%| O|  |TAMS 0x0000000082900000, 0x0000000082900000| Untracked 
|  24|0x0000000082a00000, 0x0000000082b00000, 0x0000000082b00000|100%| O|  |TAMS 0x0000000082a00000, 0x0000000082a00000| Untracked 
|  25|0x0000000082b00000, 0x0000000082bfe800, 0x0000000082c00000| 99%| O|  |TAMS 0x0000000082b00000, 0x0000000082b00000| Untracked 
|  26|0x0000000082c00000, 0x0000000082c00000, 0x0000000082d00000|  0%| F|  |TAMS 0x0000000082c00000, 0x0000000082c00000| Untracked 
|  27|0x0000000082d00000, 0x0000000082d00000, 0x0000000082e00000|  0%| F|  |TAMS 0x0000000082d00000, 0x0000000082d00000| Untracked 
|  28|0x0000000082e00000, 0x0000000082e00000, 0x0000000082f00000|  0%| F|  |TAMS 0x0000000082e00000, 0x0000000082e00000| Untracked 
|  29|0x0000000082f00000, 0x0000000082f00000, 0x0000000083000000|  0%| F|  |TAMS 0x0000000082f00000, 0x0000000082f00000| Untracked 
|  30|0x0000000083000000, 0x0000000083000000, 0x0000000083100000|  0%| F|  |TAMS 0x0000000083000000, 0x0000000083000000| Untracked 
|  31|0x0000000083100000, 0x0000000083100000, 0x0000000083200000|  0%| F|  |TAMS 0x0000000083100000, 0x0000000083100000| Untracked 
|  32|0x0000000083200000, 0x0000000083200000, 0x0000000083300000|  0%| F|  |TAMS 0x0000000083200000, 0x0000000083200000| Untracked 
|  33|0x0000000083300000, 0x0000000083300000, 0x0000000083400000|  0%| F|  |TAMS 0x0000000083300000, 0x0000000083300000| Untracked 
|  34|0x0000000083400000, 0x0000000083400000, 0x0000000083500000|  0%| F|  |TAMS 0x0000000083400000, 0x0000000083400000| Untracked 
|  35|0x0000000083500000, 0x0000000083500000, 0x0000000083600000|  0%| F|  |TAMS 0x0000000083500000, 0x0000000083500000| Untracked 
|  36|0x0000000083600000, 0x0000000083600000, 0x0000000083700000|  0%| F|  |TAMS 0x0000000083600000, 0x0000000083600000| Untracked 
|  37|0x0000000083700000, 0x0000000083700000, 0x0000000083800000|  0%| F|  |TAMS 0x0000000083700000, 0x0000000083700000| Untracked 
|  38|0x0000000083800000, 0x0000000083800000, 0x0000000083900000|  0%| F|  |TAMS 0x0000000083800000, 0x0000000083800000| Untracked 
|  39|0x0000000083900000, 0x0000000083900000, 0x0000000083a00000|  0%| F|  |TAMS 0x0000000083900000, 0x0000000083900000| Untracked 
|  40|0x0000000083a00000, 0x0000000083a00000, 0x0000000083b00000|  0%| F|  |TAMS 0x0000000083a00000, 0x0000000083a00000| Untracked 
|  41|0x0000000083b00000, 0x0000000083b00000, 0x0000000083c00000|  0%| F|  |TAMS 0x0000000083b00000, 0x0000000083b00000| Untracked 
|  42|0x0000000083c00000, 0x0000000083c00000, 0x0000000083d00000|  0%| F|  |TAMS 0x0000000083c00000, 0x0000000083c00000| Untracked 
|  43|0x0000000083d00000, 0x0000000083d00000, 0x0000000083e00000|  0%| F|  |TAMS 0x0000000083d00000, 0x0000000083d00000| Untracked 
|  44|0x0000000083e00000, 0x0000000083e77f80, 0x0000000083f00000| 46%| S|CS|TAMS 0x0000000083e00000, 0x0000000083e00000| Complete 
|  45|0x0000000083f00000, 0x0000000084000000, 0x0000000084000000|100%| S|CS|TAMS 0x0000000083f00000, 0x0000000083f00000| Complete 
|  46|0x0000000084000000, 0x0000000084100000, 0x0000000084100000|100%| S|CS|TAMS 0x0000000084000000, 0x0000000084000000| Complete 
|  47|0x0000000084100000, 0x0000000084200000, 0x0000000084200000|100%| S|CS|TAMS 0x0000000084100000, 0x0000000084100000| Complete 
|  48|0x0000000084200000, 0x0000000084200000, 0x0000000084300000|  0%| F|  |TAMS 0x0000000084200000, 0x0000000084200000| Untracked 
|  49|0x0000000084300000, 0x0000000084300000, 0x0000000084400000|  0%| F|  |TAMS 0x0000000084300000, 0x0000000084300000| Untracked 
|  50|0x0000000084400000, 0x0000000084400000, 0x0000000084500000|  0%| F|  |TAMS 0x0000000084400000, 0x0000000084400000| Untracked 
|  51|0x0000000084500000, 0x0000000084500000, 0x0000000084600000|  0%| F|  |TAMS 0x0000000084500000, 0x0000000084500000| Untracked 
|  52|0x0000000084600000, 0x0000000084600000, 0x0000000084700000|  0%| F|  |TAMS 0x0000000084600000, 0x0000000084600000| Untracked 
|  53|0x0000000084700000, 0x0000000084700000, 0x0000000084800000|  0%| F|  |TAMS 0x0000000084700000, 0x0000000084700000| Untracked 
|  54|0x0000000084800000, 0x0000000084800000, 0x0000000084900000|  0%| F|  |TAMS 0x0000000084800000, 0x0000000084800000| Untracked 
|  55|0x0000000084900000, 0x0000000084900000, 0x0000000084a00000|  0%| F|  |TAMS 0x0000000084900000, 0x0000000084900000| Untracked 
|  56|0x0000000084a00000, 0x0000000084a00000, 0x0000000084b00000|  0%| F|  |TAMS 0x0000000084a00000, 0x0000000084a00000| Untracked 
|  57|0x0000000084b00000, 0x0000000084b00000, 0x0000000084c00000|  0%| F|  |TAMS 0x0000000084b00000, 0x0000000084b00000| Untracked 
|  58|0x0000000084c00000, 0x0000000084c00000, 0x0000000084d00000|  0%| F|  |TAMS 0x0000000084c00000, 0x0000000084c00000| Untracked 
|  59|0x0000000084d00000, 0x0000000084d00000, 0x0000000084e00000|  0%| F|  |TAMS 0x0000000084d00000, 0x0000000084d00000| Untracked 
|  60|0x0000000084e00000, 0x0000000084e00000, 0x0000000084f00000|  0%| F|  |TAMS 0x0000000084e00000, 0x0000000084e00000| Untracked 
|  61|0x0000000084f00000, 0x0000000084f00000, 0x0000000085000000|  0%| F|  |TAMS 0x0000000084f00000, 0x0000000084f00000| Untracked 
|  62|0x0000000085000000, 0x0000000085000000, 0x0000000085100000|  0%| F|  |TAMS 0x0000000085000000, 0x0000000085000000| Untracked 
|  63|0x0000000085100000, 0x0000000085100000, 0x0000000085200000|  0%| F|  |TAMS 0x0000000085100000, 0x0000000085100000| Untracked 
|  64|0x0000000085200000, 0x0000000085200000, 0x0000000085300000|  0%| F|  |TAMS 0x0000000085200000, 0x0000000085200000| Untracked 
|  65|0x0000000085300000, 0x0000000085300000, 0x0000000085400000|  0%| F|  |TAMS 0x0000000085300000, 0x0000000085300000| Untracked 
|  66|0x0000000085400000, 0x0000000085400000, 0x0000000085500000|  0%| F|  |TAMS 0x0000000085400000, 0x0000000085400000| Untracked 
|  67|0x0000000085500000, 0x0000000085500000, 0x0000000085600000|  0%| F|  |TAMS 0x0000000085500000, 0x0000000085500000| Untracked 
|  68|0x0000000085600000, 0x0000000085600000, 0x0000000085700000|  0%| F|  |TAMS 0x0000000085600000, 0x0000000085600000| Untracked 
|  69|0x0000000085700000, 0x0000000085700000, 0x0000000085800000|  0%| F|  |TAMS 0x0000000085700000, 0x0000000085700000| Untracked 
|  70|0x0000000085800000, 0x0000000085800000, 0x0000000085900000|  0%| F|  |TAMS 0x0000000085800000, 0x0000000085800000| Untracked 
|  71|0x0000000085900000, 0x0000000085900000, 0x0000000085a00000|  0%| F|  |TAMS 0x0000000085900000, 0x0000000085900000| Untracked 
|  72|0x0000000085a00000, 0x0000000085a00000, 0x0000000085b00000|  0%| F|  |TAMS 0x0000000085a00000, 0x0000000085a00000| Untracked 
|  73|0x0000000085b00000, 0x0000000085b00000, 0x0000000085c00000|  0%| F|  |TAMS 0x0000000085b00000, 0x0000000085b00000| Untracked 
|  74|0x0000000085c00000, 0x0000000085c00000, 0x0000000085d00000|  0%| F|  |TAMS 0x0000000085c00000, 0x0000000085c00000| Untracked 
|  75|0x0000000085d00000, 0x0000000085d00000, 0x0000000085e00000|  0%| F|  |TAMS 0x0000000085d00000, 0x0000000085d00000| Untracked 
|  76|0x0000000085e00000, 0x0000000085e00000, 0x0000000085f00000|  0%| F|  |TAMS 0x0000000085e00000, 0x0000000085e00000| Untracked 
|  77|0x0000000085f00000, 0x0000000085f00000, 0x0000000086000000|  0%| F|  |TAMS 0x0000000085f00000, 0x0000000085f00000| Untracked 
|  78|0x0000000086000000, 0x0000000086000000, 0x0000000086100000|  0%| F|  |TAMS 0x0000000086000000, 0x0000000086000000| Untracked 
|  79|0x0000000086100000, 0x0000000086100000, 0x0000000086200000|  0%| F|  |TAMS 0x0000000086100000, 0x0000000086100000| Untracked 
|  80|0x0000000086200000, 0x0000000086200000, 0x0000000086300000|  0%| F|  |TAMS 0x0000000086200000, 0x0000000086200000| Untracked 
|  81|0x0000000086300000, 0x0000000086300000, 0x0000000086400000|  0%| F|  |TAMS 0x0000000086300000, 0x0000000086300000| Untracked 
|  82|0x0000000086400000, 0x0000000086400000, 0x0000000086500000|  0%| F|  |TAMS 0x0000000086400000, 0x0000000086400000| Untracked 
|  83|0x0000000086500000, 0x0000000086500000, 0x0000000086600000|  0%| F|  |TAMS 0x0000000086500000, 0x0000000086500000| Untracked 
|  84|0x0000000086600000, 0x0000000086600000, 0x0000000086700000|  0%| F|  |TAMS 0x0000000086600000, 0x0000000086600000| Untracked 
|  85|0x0000000086700000, 0x0000000086700000, 0x0000000086800000|  0%| F|  |TAMS 0x0000000086700000, 0x0000000086700000| Untracked 
|  86|0x0000000086800000, 0x0000000086800000, 0x0000000086900000|  0%| F|  |TAMS 0x0000000086800000, 0x0000000086800000| Untracked 
|  87|0x0000000086900000, 0x0000000086900000, 0x0000000086a00000|  0%| F|  |TAMS 0x0000000086900000, 0x0000000086900000| Untracked 
|  93|0x0000000086f00000, 0x0000000086f00000, 0x0000000087000000|  0%| F|  |TAMS 0x0000000086f00000, 0x0000000086f00000| Untracked 
|  94|0x0000000087000000, 0x0000000087100000, 0x0000000087100000|100%| E|  |TAMS 0x0000000087000000, 0x0000000087000000| Complete 
|  95|0x0000000087100000, 0x0000000087200000, 0x0000000087200000|100%| E|CS|TAMS 0x0000000087100000, 0x0000000087100000| Complete 
|  96|0x0000000087200000, 0x0000000087300000, 0x0000000087300000|100%| E|CS|TAMS 0x0000000087200000, 0x0000000087200000| Complete 
| 127|0x0000000089100000, 0x0000000089200000, 0x0000000089200000|100%| E|CS|TAMS 0x0000000089100000, 0x0000000089100000| Complete 

Card table byte_map: [0x000002dcff6f0000,0x000002dcffaf0000] _byte_map_base: 0x000002dcff2e7000

Marking Bits (Prev, Next): (CMBitMap*) 0x000002dcfea38290, (CMBitMap*) 0x000002dcfea38250
 Prev Bits: [0x000002dc899c0000, 0x000002dc8b978000)
 Next Bits: [0x000002dc87a00000, 0x000002dc899b8000)

Polling page: 0x000002dcfe7c0000

Metaspace:

Usage:
  Non-class:     59.74 MB used.
      Class:      9.08 MB used.
       Both:     68.82 MB used.

Virtual space:
  Non-class space:       64.00 MB reserved,      59.94 MB ( 94%) committed,  8 nodes.
      Class space:        1.00 GB reserved,       9.25 MB ( <1%) committed,  1 nodes.
             Both:        1.06 GB reserved,      69.19 MB (  6%) committed. 

Chunk freelists:
   Non-Class:  3.33 MB
       Class:  2.58 MB
        Both:  5.91 MB

MaxMetaspaceSize: unlimited
CompressedClassSpaceSize: 1.00 GB
Initial GC threshold: 21.00 MB
Current GC threshold: 98.88 MB
CDS: off
MetaspaceReclaimPolicy: balanced
 - commit_granule_bytes: 65536.
 - commit_granule_words: 8192.
 - virtual_space_node_default_size: 1048576.
 - enlarge_chunks_in_place: 1.
 - new_chunks_are_fully_committed: 0.
 - uncommit_free_chunks: 1.
 - use_allocation_guard: 0.
 - handle_deallocations: 1.


Internal statistics:

num_allocs_failed_limit: 9.
num_arena_births: 502.
num_arena_deaths: 0.
num_vsnodes_births: 9.
num_vsnodes_deaths: 0.
num_space_committed: 1107.
num_space_uncommitted: 0.
num_chunks_returned_to_freelist: 9.
num_chunks_taken_from_freelist: 2625.
num_chunk_merges: 9.
num_chunk_splits: 1883.
num_chunks_enlarged: 1492.
num_purges: 0.
num_inconsistent_stats: 0.

CodeCache: size=49152Kb used=10897Kb max_used=11780Kb free=38254Kb
 bounds [0x000002dc84a00000, 0x000002dc85590000, 0x000002dc87a00000]
 total_blobs=6175 nmethods=5520 adapters=582
 compilation: enabled
              stopped_count=0, restarted_count=0
 full_count=0

Compilation events (20 events):
Event: 202.983 Thread 0x000002dc8e91e080 5510       1       java.util.concurrent.ScheduledThreadPoolExecutor$ScheduledFutureTask::run (57 bytes)
Event: 202.983 Thread 0x000002dc8e91e080 nmethod 5510 0x000002dc84c1ba90 code [0x000002dc84c1bc80, 0x000002dc84c1beb8]
Event: 202.984 Thread 0x000002dc8e91e080 5511       1       java.util.concurrent.ScheduledThreadPoolExecutor$ScheduledFutureTask::isPeriodic (15 bytes)
Event: 202.984 Thread 0x000002dc8e91e080 nmethod 5511 0x000002dc84c1b790 code [0x000002dc84c1b920, 0x000002dc84c1ba18]
Event: 202.984 Thread 0x000002dc8e91e080 5512   !   1       java.util.concurrent.FutureTask::runAndReset (125 bytes)
Event: 202.988 Thread 0x000002dc8e91e080 nmethod 5512 0x000002dc84c1a510 code [0x000002dc84c1a7a0, 0x000002dc84c1b118]
Event: 202.988 Thread 0x000002dc8e91e080 5513       1       java.util.concurrent.Executors$RunnableAdapter::call (14 bytes)
Event: 202.989 Thread 0x000002dc8e91e080 nmethod 5513 0x000002dc84c1a210 code [0x000002dc84c1a3a0, 0x000002dc84c1a4a8]
Event: 203.386 Thread 0x000002dc8e91e080 5515       1       java.util.concurrent.ScheduledThreadPoolExecutor$DelayedWorkQueue::siftDown (119 bytes)
Event: 203.387 Thread 0x000002dc8e91e080 nmethod 5515 0x000002dc84c19510 code [0x000002dc84c19700, 0x000002dc84c19d58]
Event: 204.390 Thread 0x000002dc8e91e080 5516       1       java.util.concurrent.locks.LockSupport::park (9 bytes)
Event: 204.391 Thread 0x000002dc8e91e080 nmethod 5516 0x000002dc84c19210 code [0x000002dc84c193a0, 0x000002dc84c19468]
Event: 206.382 Thread 0x000002dc8e91e080 5517   !   1       java.util.concurrent.locks.AbstractQueuedSynchronizer$ConditionObject::await (183 bytes)
Event: 206.385 Thread 0x000002dc8e91e080 nmethod 5517 0x000002dc84c17f90 code [0x000002dc84c181e0, 0x000002dc84c18b58]
Event: 206.385 Thread 0x000002dc8e91e080 5518       1       java.util.concurrent.ForkJoinPool::managedBlock (36 bytes)
Event: 206.386 Thread 0x000002dc8e91e080 nmethod 5518 0x000002dc84c17990 code [0x000002dc84c17b60, 0x000002dc84c17dd8]
Event: 206.386 Thread 0x000002dc8e91e080 5519       1       java.util.concurrent.ForkJoinPool::unmanagedBlock (31 bytes)
Event: 206.386 Thread 0x000002dc8e91e080 nmethod 5519 0x000002dc84c17510 code [0x000002dc84c176c0, 0x000002dc84c17868]
Event: 207.385 Thread 0x000002dc8e91e080 5520       1       java.util.concurrent.locks.AbstractQueuedSynchronizer$ConditionNode::block (15 bytes)
Event: 207.386 Thread 0x000002dc8e91e080 nmethod 5520 0x000002dc84c17110 code [0x000002dc84c172a0, 0x000002dc84c17408]

GC Heap History (20 events):
Event: 2.971 GC heap before
{Heap before GC invocations=14 (full 0):
 garbage-first heap   total 65536K, used 53164K [0x0000000081200000, 0x0000000100000000)
  region size 1024K, 36 young (36864K), 3 survivors (3072K)
 Metaspace       used 37942K, committed 38208K, reserved 1089536K
  class space    used 4682K, committed 4800K, reserved 1048576K
}
Event: 2.975 GC heap after
{Heap after GC invocations=15 (full 0):
 garbage-first heap   total 65536K, used 18746K [0x0000000081200000, 0x0000000100000000)
  region size 1024K, 4 young (4096K), 4 survivors (4096K)
 Metaspace       used 37942K, committed 38208K, reserved 1089536K
  class space    used 4682K, committed 4800K, reserved 1048576K
}
Event: 3.217 GC heap before
{Heap before GC invocations=15 (full 0):
 garbage-first heap   total 65536K, used 51514K [0x0000000081200000, 0x0000000100000000)
  region size 1024K, 36 young (36864K), 4 survivors (4096K)
 Metaspace       used 41051K, committed 41408K, reserved 1089536K
  class space    used 5108K, committed 5248K, reserved 1048576K
}
Event: 3.221 GC heap after
{Heap after GC invocations=16 (full 0):
 garbage-first heap   total 65536K, used 19583K [0x0000000081200000, 0x0000000100000000)
  region size 1024K, 3 young (3072K), 3 survivors (3072K)
 Metaspace       used 41051K, committed 41408K, reserved 1089536K
  class space    used 5108K, committed 5248K, reserved 1048576K
}
Event: 3.447 GC heap before
{Heap before GC invocations=16 (full 0):
 garbage-first heap   total 65536K, used 52351K [0x0000000081200000, 0x0000000100000000)
  region size 1024K, 35 young (35840K), 3 survivors (3072K)
 Metaspace       used 44348K, committed 44736K, reserved 1089536K
  class space    used 5700K, committed 5888K, reserved 1048576K
}
Event: 3.450 GC heap after
{Heap after GC invocations=17 (full 0):
 garbage-first heap   total 78848K, used 19925K [0x0000000081200000, 0x0000000100000000)
  region size 1024K, 3 young (3072K), 3 survivors (3072K)
 Metaspace       used 44348K, committed 44736K, reserved 1089536K
  class space    used 5700K, committed 5888K, reserved 1048576K
}
Event: 3.842 GC heap before
{Heap before GC invocations=17 (full 0):
 garbage-first heap   total 78848K, used 63957K [0x0000000081200000, 0x0000000100000000)
  region size 1024K, 46 young (47104K), 3 survivors (3072K)
 Metaspace       used 51034K, committed 51392K, reserved 1097728K
  class space    used 6546K, committed 6720K, reserved 1048576K
}
Event: 3.846 GC heap after
{Heap after GC invocations=18 (full 0):
 garbage-first heap   total 78848K, used 22289K [0x0000000081200000, 0x0000000100000000)
  region size 1024K, 6 young (6144K), 6 survivors (6144K)
 Metaspace       used 51034K, committed 51392K, reserved 1097728K
  class space    used 6546K, committed 6720K, reserved 1048576K
}
Event: 4.076 GC heap before
{Heap before GC invocations=18 (full 0):
 garbage-first heap   total 78848K, used 62225K [0x0000000081200000, 0x0000000100000000)
  region size 1024K, 45 young (46080K), 6 survivors (6144K)
 Metaspace       used 54236K, committed 54528K, reserved 1097728K
  class space    used 6924K, committed 7040K, reserved 1048576K
}
Event: 4.081 GC heap after
{Heap after GC invocations=19 (full 0):
 garbage-first heap   total 78848K, used 22824K [0x0000000081200000, 0x0000000100000000)
  region size 1024K, 4 young (4096K), 4 survivors (4096K)
 Metaspace       used 54236K, committed 54528K, reserved 1097728K
  class space    used 6924K, committed 7040K, reserved 1048576K
}
Event: 4.390 GC heap before
{Heap before GC invocations=19 (full 0):
 garbage-first heap   total 78848K, used 63784K [0x0000000081200000, 0x0000000100000000)
  region size 1024K, 44 young (45056K), 4 survivors (4096K)
 Metaspace       used 57898K, committed 58304K, reserved 1105920K
  class space    used 7597K, committed 7808K, reserved 1048576K
}
Event: 4.394 GC heap after
{Heap after GC invocations=20 (full 0):
 garbage-first heap   total 78848K, used 23768K [0x0000000081200000, 0x0000000100000000)
  region size 1024K, 4 young (4096K), 4 survivors (4096K)
 Metaspace       used 57898K, committed 58304K, reserved 1105920K
  class space    used 7597K, committed 7808K, reserved 1048576K
}
Event: 4.585 GC heap before
{Heap before GC invocations=20 (full 0):
 garbage-first heap   total 78848K, used 45272K [0x0000000081200000, 0x0000000100000000)
  region size 1024K, 26 young (26624K), 4 survivors (4096K)
 Metaspace       used 60001K, committed 60416K, reserved 1105920K
  class space    used 7841K, committed 8064K, reserved 1048576K
}
Event: 4.590 GC heap after
{Heap after GC invocations=21 (full 0):
 garbage-first heap   total 78848K, used 24429K [0x0000000081200000, 0x0000000100000000)
  region size 1024K, 3 young (3072K), 3 survivors (3072K)
 Metaspace       used 60001K, committed 60416K, reserved 1105920K
  class space    used 7841K, committed 8064K, reserved 1048576K
}
Event: 4.942 GC heap before
{Heap before GC invocations=22 (full 0):
 garbage-first heap   total 78848K, used 65389K [0x0000000081200000, 0x0000000100000000)
  region size 1024K, 43 young (44032K), 3 survivors (3072K)
 Metaspace       used 62836K, committed 63232K, reserved 1105920K
  class space    used 8331K, committed 8512K, reserved 1048576K
}
Event: 4.947 GC heap after
{Heap after GC invocations=23 (full 0):
 garbage-first heap   total 78848K, used 26254K [0x0000000081200000, 0x0000000100000000)
  region size 1024K, 5 young (5120K), 5 survivors (5120K)
 Metaspace       used 62836K, committed 63232K, reserved 1105920K
  class space    used 8331K, committed 8512K, reserved 1048576K
}
Event: 5.322 GC heap before
{Heap before GC invocations=23 (full 0):
 garbage-first heap   total 78848K, used 64142K [0x0000000081200000, 0x0000000100000000)
  region size 1024K, 42 young (43008K), 5 survivors (5120K)
 Metaspace       used 65189K, committed 65600K, reserved 1105920K
  class space    used 8663K, committed 8832K, reserved 1048576K
}
Event: 5.329 GC heap after
{Heap after GC invocations=24 (full 0):
 garbage-first heap   total 95232K, used 28802K [0x0000000081200000, 0x0000000100000000)
  region size 1024K, 6 young (6144K), 6 survivors (6144K)
 Metaspace       used 65189K, committed 65600K, reserved 1105920K
  class space    used 8663K, committed 8832K, reserved 1048576K
}
Event: 34.513 GC heap before
{Heap before GC invocations=24 (full 0):
 garbage-first heap   total 95232K, used 73858K [0x0000000081200000, 0x0000000100000000)
  region size 1024K, 51 young (52224K), 6 survivors (6144K)
 Metaspace       used 70135K, committed 70592K, reserved 1114112K
  class space    used 9265K, committed 9472K, reserved 1048576K
}
Event: 34.518 GC heap after
{Heap after GC invocations=25 (full 0):
 garbage-first heap   total 95232K, used 29558K [0x0000000081200000, 0x0000000100000000)
  region size 1024K, 4 young (4096K), 4 survivors (4096K)
 Metaspace       used 70135K, committed 70592K, reserved 1114112K
  class space    used 9265K, committed 9472K, reserved 1048576K
}

Deoptimization events (20 events):
Event: 10.554 Thread 0x000002dc937816e0 DEOPT PACKING pc=0x000002dc84e3ec7c sp=0x000000df470f9140
Event: 10.554 Thread 0x000002dc937816e0 DEOPT UNPACKING pc=0x000002dc84a52b43 sp=0x000000df470f85f8 mode 1
Event: 10.554 Thread 0x000002dc937816e0 DEOPT PACKING pc=0x000002dc84dda9d4 sp=0x000000df470f9b30
Event: 10.554 Thread 0x000002dc937816e0 DEOPT UNPACKING pc=0x000002dc84a52b43 sp=0x000000df470f9020 mode 1
Event: 10.558 Thread 0x000002dc937816e0 DEOPT PACKING pc=0x000002dc84e45f54 sp=0x000000df470f8fe0
Event: 10.558 Thread 0x000002dc937816e0 DEOPT UNPACKING pc=0x000002dc84a52b43 sp=0x000000df470f8478 mode 1
Event: 10.558 Thread 0x000002dc937816e0 DEOPT PACKING pc=0x000002dc84e3ec7c sp=0x000000df470f90b0
Event: 10.558 Thread 0x000002dc937816e0 DEOPT UNPACKING pc=0x000002dc84a52b43 sp=0x000000df470f8568 mode 1
Event: 10.558 Thread 0x000002dc937816e0 DEOPT PACKING pc=0x000002dc84dda9d4 sp=0x000000df470f9aa0
Event: 10.558 Thread 0x000002dc937816e0 DEOPT UNPACKING pc=0x000002dc84a52b43 sp=0x000000df470f8f90 mode 1
Event: 10.558 Thread 0x000002dc937816e0 DEOPT PACKING pc=0x000002dc84e45f54 sp=0x000000df470f8fe0
Event: 10.558 Thread 0x000002dc937816e0 DEOPT UNPACKING pc=0x000002dc84a52b43 sp=0x000000df470f8478 mode 1
Event: 10.558 Thread 0x000002dc937816e0 DEOPT PACKING pc=0x000002dc84e3ec7c sp=0x000000df470f90b0
Event: 10.558 Thread 0x000002dc937816e0 DEOPT UNPACKING pc=0x000002dc84a52b43 sp=0x000000df470f8568 mode 1
Event: 10.558 Thread 0x000002dc937816e0 DEOPT PACKING pc=0x000002dc84dda9d4 sp=0x000000df470f9aa0
Event: 10.558 Thread 0x000002dc937816e0 DEOPT UNPACKING pc=0x000002dc84a52b43 sp=0x000000df470f8f90 mode 1
Event: 10.567 Thread 0x000002dc937816e0 DEOPT PACKING pc=0x000002dc84e45f54 sp=0x000000df470fc0a0
Event: 10.567 Thread 0x000002dc937816e0 DEOPT UNPACKING pc=0x000002dc84a52b43 sp=0x000000df470fb538 mode 1
Event: 10.567 Thread 0x000002dc937816e0 DEOPT PACKING pc=0x000002dc84e3ec7c sp=0x000000df470fc170
Event: 10.567 Thread 0x000002dc937816e0 DEOPT UNPACKING pc=0x000002dc84a52b43 sp=0x000000df470fb628 mode 1

Classes unloaded (0 events):
No events

Classes redefined (1 events):
Event: 211.271 Thread 0x000002dc8df61ad0 redefined class name=com.user.services.impl.UserServiceImpl, count=1

Internal exceptions (20 events):
Event: 5.336 Thread 0x000002dcfe9dd080 Exception <a 'java/lang/ClassNotFoundException'{0x0000000089178d18}: org/springframework/beans/factory/config/ScopeCustomizer> (0x0000000089178d18) 
thrown [s\src\hotspot\share\classfile\systemDictionary.cpp, line 256]
Event: 5.336 Thread 0x000002dcfe9dd080 Exception <a 'java/lang/ClassNotFoundException'{0x00000000891814e8}: org/springframework/beans/factory/config/BeanFactoryPostProcessorCustomizer> (0x00000000891814e8) 
thrown [s\src\hotspot\share\classfile\systemDictionary.cpp, line 256]
Event: 5.337 Thread 0x000002dcfe9dd080 Exception <a 'java/lang/ClassNotFoundException'{0x0000000089187fc0}: org/springframework/beans/factory/support/BeanDefinitionRegistryPostProcessorCustomizer> (0x0000000089187fc0) 
thrown [s\src\hotspot\share\classfile\systemDictionary.cpp, line 256]
Event: 5.337 Thread 0x000002dcfe9dd080 Exception <a 'java/lang/ClassNotFoundException'{0x000000008918e5c8}: org/springframework/beans/factory/config/BeanFactoryPostProcessorCustomizer> (0x000000008918e5c8) 
thrown [s\src\hotspot\share\classfile\systemDictionary.cpp, line 256]
Event: 5.337 Thread 0x000002dcfe9dd080 Exception <a 'java/lang/ClassNotFoundException'{0x0000000089194588}: org/springframework/beans/factory/DisposableBeanCustomizer> (0x0000000089194588) 
thrown [s\src\hotspot\share\classfile\systemDictionary.cpp, line 256]
Event: 5.339 Thread 0x000002dcfe9dd080 Exception <a 'java/lang/ClassNotFoundException'{0x00000000891a4880}: java/lang/ObjectCustomizer> (0x00000000891a4880) 
thrown [s\src\hotspot\share\classfile\systemDictionary.cpp, line 256]
Event: 5.339 Thread 0x000002dcfe9dd080 Exception <a 'java/lang/ClassNotFoundException'{0x00000000891ad980}: org/springframework/cloud/context/properties/ConfigurationPropertiesRebinderCustomizer> (0x00000000891ad980) 
thrown [s\src\hotspot\share\classfile\systemDictionary.cpp, line 256]
Event: 5.340 Thread 0x000002dcfe9dd080 Exception <a 'java/lang/ClassNotFoundException'{0x00000000891bfe08}: org/springframework/context/ApplicationContextAwareCustomizer> (0x00000000891bfe08) 
thrown [s\src\hotspot\share\classfile\systemDictionary.cpp, line 256]
Event: 5.340 Thread 0x000002dcfe9dd080 Exception <a 'java/lang/ClassNotFoundException'{0x00000000891c6448}: org/springframework/beans/factory/AwareCustomizer> (0x00000000891c6448) 
thrown [s\src\hotspot\share\classfile\systemDictionary.cpp, line 256]
Event: 5.341 Thread 0x000002dcfe9dd080 Exception <a 'java/lang/ClassNotFoundException'{0x00000000891cb810}: org/springframework/context/ApplicationListenerCustomizer> (0x00000000891cb810) 
thrown [s\src\hotspot\share\classfile\systemDictionary.cpp, line 256]
Event: 5.341 Thread 0x000002dcfe9dd080 Exception <a 'java/lang/ClassNotFoundException'{0x00000000891cdd60}: java/util/EventListenerCustomizer> (0x00000000891cdd60) 
thrown [s\src\hotspot\share\classfile\systemDictionary.cpp, line 256]
Event: 5.342 Thread 0x000002dcfe9dd080 Exception <a 'java/lang/ClassNotFoundException'{0x00000000891d8950}: java/lang/ObjectCustomizer> (0x00000000891d8950) 
thrown [s\src\hotspot\share\classfile\systemDictionary.cpp, line 256]
Event: 5.342 Thread 0x000002dcfe9dd080 Exception <a 'java/lang/ClassNotFoundException'{0x00000000891e1470}: org/springframework/jmx/export/metadata/AbstractJmxAttributeCustomizer> (0x00000000891e1470) 
thrown [s\src\hotspot\share\classfile\systemDictionary.cpp, line 256]
Event: 5.343 Thread 0x000002dcfe9dd080 Exception <a 'java/lang/ClassNotFoundException'{0x00000000891e9cd0}: org/springframework/jmx/export/metadata/ManagedAttributeCustomizer> (0x00000000891e9cd0) 
thrown [s\src\hotspot\share\classfile\systemDictionary.cpp, line 256]
Event: 5.347 Thread 0x000002dcfe9dd080 Exception <a 'java/lang/NoSuchMethodError'{0x000000008721efd8}: 'java.lang.Object java.lang.invoke.DirectMethodHandle$Holder.invokeSpecial(java.lang.Object, java.lang.Object, int, java.lang.Object, int, java.lang.Object)'> (0x000000008721efd8) 
thrown [s\src\hotspot\share\interpreter\linkResolver.cpp, line 759]
Event: 5.347 Thread 0x000002dcfe9dd080 Exception <a 'java/lang/NoSuchMethodError'{0x0000000087226dd8}: 'java.lang.Object java.lang.invoke.DirectMethodHandle$Holder.newInvokeSpecial(java.lang.Object, java.lang.Object, int, java.lang.Object, int)'> (0x0000000087226dd8) 
thrown [s\src\hotspot\share\interpreter\linkResolver.cpp, line 759]
Event: 5.348 Thread 0x000002dcfe9dd080 Exception <a 'java/lang/NoSuchMethodError'{0x000000008722aed8}: 'java.lang.Object java.lang.invoke.DirectMethodHandle$Holder.invokeSpecial(java.lang.Object, java.lang.Object, java.lang.Object, int, java.lang.Object, int)'> (0x000000008722aed8) 
thrown [s\src\hotspot\share\interpreter\linkResolver.cpp, line 759]
Event: 5.349 Thread 0x000002dcfe9dd080 Exception <a 'java/lang/NoSuchMethodError'{0x000000008723a460}: 'void java.lang.invoke.DirectMethodHandle$Holder.invokeVirtual(java.lang.Object, java.lang.Object)'> (0x000000008723a460) 
thrown [s\src\hotspot\share\interpreter\linkResolver.cpp, line 759]
Event: 10.541 Thread 0x000002dc937816e0 Exception <a 'java/lang/NoSuchMethodError'{0x0000000084f0ada8}: 'java.lang.Object java.lang.invoke.DirectMethodHandle$Holder.invokeInterface(java.lang.Object, java.lang.Object, java.lang.Object, java.lang.Object)'> (0x0000000084f0ada8) 
thrown [s\src\hotspot\share\interpreter\linkResolver.cpp, line 759]
Event: 10.560 Thread 0x000002dc937816e0 Exception <a 'java/lang/NoSuchMethodError'{0x0000000084d25f28}: 'java.lang.Object java.lang.invoke.DirectMethodHandle$Holder.invokeStaticInit(java.lang.Object, java.lang.Object, java.lang.Object, java.lang.Object, java.lang.Object, java.lang.Object)'> (0x0000000084d25f28) 
thrown [s\src\hotspot\share\interpreter\linkResolver.cpp, line 759]

VM Operations (20 events):
Event: 158.049 Executing VM operation: get/set locals
Event: 158.049 Executing VM operation: get/set locals done
Event: 173.055 Executing VM operation: Cleanup
Event: 173.055 Executing VM operation: Cleanup done
Event: 186.089 Executing VM operation: Cleanup
Event: 186.089 Executing VM operation: Cleanup done
Event: 196.167 Executing VM operation: Cleanup
Event: 196.167 Executing VM operation: Cleanup done
Event: 202.243 Executing VM operation: Cleanup
Event: 202.243 Executing VM operation: Cleanup done
Event: 204.249 Executing VM operation: Cleanup
Event: 204.249 Executing VM operation: Cleanup done
Event: 208.265 Executing VM operation: Cleanup
Event: 208.265 Executing VM operation: Cleanup done
Event: 209.269 Executing VM operation: Cleanup
Event: 209.269 Executing VM operation: Cleanup done
Event: 211.265 Executing VM operation: RedefineClasses
Event: 211.285 Executing VM operation: RedefineClasses done
Event: 211.300 Executing VM operation: ChangeBreakpoints
Event: 211.301 Executing VM operation: ChangeBreakpoints done

Events (20 events):
Event: 32.298 loading class java/util/OptionalDouble
Event: 32.298 loading class java/util/OptionalDouble done
Event: 32.446 loading class org/w3c/dom/Document
Event: 32.446 loading class org/w3c/dom/Document done
Event: 34.847 loading class java/util/concurrent/atomic/AtomicReferenceArray
Event: 34.847 loading class java/util/concurrent/atomic/AtomicReferenceArray done
Event: 34.847 loading class java/lang/invoke/VarHandleReferences$Array
Event: 34.848 loading class java/lang/invoke/VarHandleReferences$Array done
Event: 35.261 loading class sun/net/www/http/KeepAliveCache$1
Event: 35.261 loading class sun/net/www/http/KeepAliveCache$1 done
Event: 35.261 Thread 0x000002dc93780d40 Thread added: 0x000002dc93780d40
Event: 35.261 loading class sun/net/www/http/ClientVector
Event: 35.261 loading class sun/net/www/http/ClientVector done
Event: 35.262 loading class sun/net/www/http/KeepAliveEntry
Event: 35.262 loading class sun/net/www/http/KeepAliveEntry done
Event: 91.028 Thread 0x000002dc90565700 Thread exited: 0x000002dc90565700
Event: 91.029 Thread 0x000002dc93782080 Thread exited: 0x000002dc93782080
Event: 91.031 Thread 0x000002dc93782a20 Thread exited: 0x000002dc93782a20
Event: 91.031 Thread 0x000002dc93780870 Thread exited: 0x000002dc93780870
Event: 95.268 Thread 0x000002dc93780d40 Thread exited: 0x000002dc93780d40


Dynamic libraries:
0x00007ff6a1970000 - 0x00007ff6a197e000 	C:\Users\Its\Downloads\sts-4.16.1.RELEASE\plugins\org.eclipse.justj.openjdk.hotspot.jre.full.win32.x86_64_17.0.4.v20221004-1257\jre\bin\javaw.exe
0x00007ffd48770000 - 0x00007ffd48968000 	C:\WINDOWS\SYSTEM32\ntdll.dll
0x00007ffd47b00000 - 0x00007ffd47bbf000 	C:\WINDOWS\System32\KERNEL32.DLL
0x00007ffd45f30000 - 0x00007ffd46202000 	C:\WINDOWS\System32\KERNELBASE.dll
0x00007ffd466b0000 - 0x00007ffd467b0000 	C:\WINDOWS\System32\ucrtbase.dll
0x00007ffd411d0000 - 0x00007ffd411e8000 	C:\Users\Its\Downloads\sts-4.16.1.RELEASE\plugins\org.eclipse.justj.openjdk.hotspot.jre.full.win32.x86_64_17.0.4.v20221004-1257\jre\bin\jli.dll
0x00007ffd484f0000 - 0x00007ffd48691000 	C:\WINDOWS\System32\USER32.dll
0x00007ffd46210000 - 0x00007ffd46232000 	C:\WINDOWS\System32\win32u.dll
0x00007ffd46930000 - 0x00007ffd4695b000 	C:\WINDOWS\System32\GDI32.dll
0x00007ffd462d0000 - 0x00007ffd463df000 	C:\WINDOWS\System32\gdi32full.dll
0x00007ffd45e90000 - 0x00007ffd45f2d000 	C:\WINDOWS\System32\msvcp_win.dll
0x00007ffd3eda0000 - 0x00007ffd3edb9000 	C:\Users\Its\Downloads\sts-4.16.1.RELEASE\plugins\org.eclipse.justj.openjdk.hotspot.jre.full.win32.x86_64_17.0.4.v20221004-1257\jre\bin\VCRUNTIME140.dll
0x00007ffd22c60000 - 0x00007ffd22efa000 	C:\WINDOWS\WinSxS\amd64_microsoft.windows.common-controls_6595b64144ccf1df_6.0.19041.1110_none_60b5254171f9507e\COMCTL32.dll
0x00007ffd48370000 - 0x00007ffd4840e000 	C:\WINDOWS\System32\msvcrt.dll
0x00007ffd46cd0000 - 0x00007ffd46d02000 	C:\WINDOWS\System32\IMM32.DLL
0x00007ffd3ec80000 - 0x00007ffd3ec8c000 	C:\Users\Its\Downloads\sts-4.16.1.RELEASE\plugins\org.eclipse.justj.openjdk.hotspot.jre.full.win32.x86_64_17.0.4.v20221004-1257\jre\bin\vcruntime140_1.dll
0x00007ffd33ff0000 - 0x00007ffd34081000 	C:\Users\Its\Downloads\sts-4.16.1.RELEASE\plugins\org.eclipse.justj.openjdk.hotspot.jre.full.win32.x86_64_17.0.4.v20221004-1257\jre\bin\msvcp140.dll
0x00007ffcf6ff0000 - 0x00007ffcf7c36000 	C:\Users\Its\Downloads\sts-4.16.1.RELEASE\plugins\org.eclipse.justj.openjdk.hotspot.jre.full.win32.x86_64_17.0.4.v20221004-1257\jre\bin\server\jvm.dll
0x00007ffd46d20000 - 0x00007ffd46dce000 	C:\WINDOWS\System32\ADVAPI32.dll
0x00007ffd46dd0000 - 0x00007ffd46e6c000 	C:\WINDOWS\System32\sechost.dll
0x00007ffd46ba0000 - 0x00007ffd46cc5000 	C:\WINDOWS\System32\RPCRT4.dll
0x00007ffd46e80000 - 0x00007ffd46e88000 	C:\WINDOWS\System32\PSAPI.DLL
0x00007ffd412d0000 - 0x00007ffd412d9000 	C:\WINDOWS\SYSTEM32\WSOCK32.dll
0x00007ffd47f80000 - 0x00007ffd47feb000 	C:\WINDOWS\System32\WS2_32.dll
0x00007ffd27900000 - 0x00007ffd27927000 	C:\WINDOWS\SYSTEM32\WINMM.dll
0x00007ffd3cdf0000 - 0x00007ffd3cdfa000 	C:\WINDOWS\SYSTEM32\VERSION.dll
0x00007ffd43c20000 - 0x00007ffd43c32000 	C:\WINDOWS\SYSTEM32\kernel.appcore.dll
0x00007ffd412c0000 - 0x00007ffd412ca000 	C:\Users\Its\Downloads\sts-4.16.1.RELEASE\plugins\org.eclipse.justj.openjdk.hotspot.jre.full.win32.x86_64_17.0.4.v20221004-1257\jre\bin\jimage.dll
0x00007ffd40aa0000 - 0x00007ffd40c84000 	C:\WINDOWS\SYSTEM32\DBGHELP.DLL
0x00007ffd405e0000 - 0x00007ffd40615000 	C:\WINDOWS\SYSTEM32\dbgcore.DLL
0x00007ffd46240000 - 0x00007ffd462c2000 	C:\WINDOWS\System32\bcryptPrimitives.dll
0x00007ffd3b730000 - 0x00007ffd3b76b000 	C:\Users\Its\Downloads\sts-4.16.1.RELEASE\plugins\org.eclipse.justj.openjdk.hotspot.jre.full.win32.x86_64_17.0.4.v20221004-1257\jre\bin\jdwp.dll
0x00007ffd412b0000 - 0x00007ffd412be000 	C:\Users\Its\Downloads\sts-4.16.1.RELEASE\plugins\org.eclipse.justj.openjdk.hotspot.jre.full.win32.x86_64_17.0.4.v20221004-1257\jre\bin\instrument.dll
0x00007ffd40370000 - 0x00007ffd40395000 	C:\Users\Its\Downloads\sts-4.16.1.RELEASE\plugins\org.eclipse.justj.openjdk.hotspot.jre.full.win32.x86_64_17.0.4.v20221004-1257\jre\bin\java.dll
0x00007ffd3faa0000 - 0x00007ffd3fab8000 	C:\Users\Its\Downloads\sts-4.16.1.RELEASE\plugins\org.eclipse.justj.openjdk.hotspot.jre.full.win32.x86_64_17.0.4.v20221004-1257\jre\bin\zip.dll
0x00007ffd46f40000 - 0x00007ffd47684000 	C:\WINDOWS\System32\SHELL32.dll
0x00007ffd43f00000 - 0x00007ffd44692000 	C:\WINDOWS\SYSTEM32\windows.storage.dll
0x00007ffd47bc0000 - 0x00007ffd47f15000 	C:\WINDOWS\System32\combase.dll
0x00007ffd45700000 - 0x00007ffd45730000 	C:\WINDOWS\SYSTEM32\Wldp.dll
0x00007ffd46af0000 - 0x00007ffd46b9d000 	C:\WINDOWS\System32\SHCORE.dll
0x00007ffd46a90000 - 0x00007ffd46ae5000 	C:\WINDOWS\System32\shlwapi.dll
0x00007ffd45da0000 - 0x00007ffd45dbf000 	C:\WINDOWS\SYSTEM32\profapi.dll
0x00007ffd3f790000 - 0x00007ffd3f79c000 	C:\Users\Its\Downloads\sts-4.16.1.RELEASE\plugins\org.eclipse.justj.openjdk.hotspot.jre.full.win32.x86_64_17.0.4.v20221004-1257\jre\bin\dt_socket.dll
0x00007ffd451f0000 - 0x00007ffd4522b000 	C:\WINDOWS\SYSTEM32\IPHLPAPI.DLL
0x00007ffd454e0000 - 0x00007ffd4554a000 	C:\WINDOWS\system32\mswsock.dll
0x00007ffd45230000 - 0x00007ffd452fa000 	C:\WINDOWS\SYSTEM32\DNSAPI.dll
0x00007ffd46e70000 - 0x00007ffd46e78000 	C:\WINDOWS\System32\NSI.dll
0x00007ffd3f100000 - 0x00007ffd3f10a000 	C:\Windows\System32\rasadhlp.dll
0x00007ffd3f600000 - 0x00007ffd3f680000 	C:\WINDOWS\System32\fwpuclnt.dll
0x00007ffd45e60000 - 0x00007ffd45e87000 	C:\WINDOWS\System32\bcrypt.dll
0x00007ffd3fa80000 - 0x00007ffd3fa99000 	C:\Users\Its\Downloads\sts-4.16.1.RELEASE\plugins\org.eclipse.justj.openjdk.hotspot.jre.full.win32.x86_64_17.0.4.v20221004-1257\jre\bin\net.dll
0x00007ffd41770000 - 0x00007ffd4187c000 	C:\WINDOWS\SYSTEM32\WINHTTP.dll
0x00007ffd3fa40000 - 0x00007ffd3fa55000 	C:\Users\Its\Downloads\sts-4.16.1.RELEASE\plugins\org.eclipse.justj.openjdk.hotspot.jre.full.win32.x86_64_17.0.4.v20221004-1257\jre\bin\nio.dll
0x00007ffd3ec70000 - 0x00007ffd3ec79000 	C:\Users\Its\Downloads\sts-4.16.1.RELEASE\plugins\org.eclipse.justj.openjdk.hotspot.jre.full.win32.x86_64_17.0.4.v20221004-1257\jre\bin\management.dll
0x00007ffd3dfe0000 - 0x00007ffd3dfeb000 	C:\Users\Its\Downloads\sts-4.16.1.RELEASE\plugins\org.eclipse.justj.openjdk.hotspot.jre.full.win32.x86_64_17.0.4.v20221004-1257\jre\bin\management_ext.dll
0x00007ffd31160000 - 0x00007ffd31177000 	C:\WINDOWS\system32\napinsp.dll
0x00007ffd31140000 - 0x00007ffd3115b000 	C:\WINDOWS\system32\pnrpnsp.dll
0x00007ffd40fc0000 - 0x00007ffd40fdd000 	C:\WINDOWS\system32\NLAapi.dll
0x00007ffd31120000 - 0x00007ffd31135000 	C:\WINDOWS\system32\wshbth.dll
0x00007ffd310b0000 - 0x00007ffd310c2000 	C:\WINDOWS\System32\winrnr.dll
0x00007ffd45a40000 - 0x00007ffd45a58000 	C:\WINDOWS\SYSTEM32\CRYPTSP.dll
0x00007ffd44e20000 - 0x00007ffd44e54000 	C:\WINDOWS\system32\rsaenh.dll
0x00007ffd45d20000 - 0x00007ffd45d4e000 	C:\WINDOWS\SYSTEM32\USERENV.dll
0x00007ffd45670000 - 0x00007ffd4567c000 	C:\WINDOWS\SYSTEM32\CRYPTBASE.dll
0x00007ffd40e00000 - 0x00007ffd40e17000 	C:\WINDOWS\SYSTEM32\dhcpcsvc6.DLL
0x00007ffd40d40000 - 0x00007ffd40d5d000 	C:\WINDOWS\SYSTEM32\dhcpcsvc.DLL
0x00007ffd40ee0000 - 0x00007ffd40ef0000 	C:\Users\Its\Downloads\sts-4.16.1.RELEASE\plugins\org.eclipse.justj.openjdk.hotspot.jre.full.win32.x86_64_17.0.4.v20221004-1257\jre\bin\verify.dll
0x00007ffd3fb00000 - 0x00007ffd3fb0e000 	C:\Users\Its\Downloads\sts-4.16.1.RELEASE\plugins\org.eclipse.justj.openjdk.hotspot.jre.full.win32.x86_64_17.0.4.v20221004-1257\jre\bin\sunmscapi.dll
0x00007ffd464a0000 - 0x00007ffd465f6000 	C:\WINDOWS\System32\CRYPT32.dll
0x00007ffd45770000 - 0x00007ffd45797000 	C:\WINDOWS\SYSTEM32\ncrypt.dll
0x00007ffd45730000 - 0x00007ffd4576b000 	C:\WINDOWS\SYSTEM32\NTASN1.dll
0x00007ffd411f0000 - 0x00007ffd411f7000 	C:\WINDOWS\system32\wshunix.dll

dbghelp: loaded successfully - version: 4.0.5 - missing functions: none
symbol engine: initialized successfully - sym options: 0x614 - pdb path: .;C:\Users\Its\Downloads\sts-4.16.1.RELEASE\plugins\org.eclipse.justj.openjdk.hotspot.jre.full.win32.x86_64_17.0.4.v20221004-1257\jre\bin;C:\WINDOWS\SYSTEM32;C:\WINDOWS\WinSxS\amd64_microsoft.windows.common-controls_6595b64144ccf1df_6.0.19041.1110_none_60b5254171f9507e;C:\Users\Its\Downloads\sts-4.16.1.RELEASE\plugins\org.eclipse.justj.openjdk.hotspot.jre.full.win32.x86_64_17.0.4.v20221004-1257\jre\bin\server

VM Arguments:
jvm_args: -XX:+ShowCodeDetailsInExceptionMessages -agentlib:jdwp=transport=dt_socket,suspend=y,address=localhost:57823 -Dcom.sun.management.jmxremote -Dcom.sun.management.jmxremote.port=57822 -Dcom.sun.management.jmxremote.authenticate=false -Dcom.sun.management.jmxremote.ssl=false -Djava.rmi.server.hostname=localhost -Dspring.jmx.enabled=true -Dspring.application.admin.enabled=true -XX:TieredStopAtLevel=1 -Dspring.boot.project.name=User-Service -javaagent:C:\Users\Its\Downloads\sts-4.16.1.RELEASE\configuration\org.eclipse.osgi\268\0\.cp\lib\javaagent-shaded.jar -Dfile.encoding=UTF-8 
java_command: com.user.UserServiceApplication --spring.output.ansi.enabled=always
java_class_path (initial): C:\Users\Its\Documents\Practice\User-Service\target\classes;C:\Users\Its\.m2\repository\org\springframework\boot\spring-boot-starter-data-jpa\2.7.7\spring-boot-starter-data-jpa-2.7.7.jar;C:\Users\Its\.m2\repository\org\springframework\boot\spring-boot-starter-aop\2.7.7\spring-boot-starter-aop-2.7.7.jar;C:\Users\Its\.m2\repository\org\springframework\spring-aop\5.3.24\spring-aop-5.3.24.jar;C:\Users\Its\.m2\repository\org\aspectj\aspectjweaver\1.9.7\aspectjweaver-1.9.7.jar;C:\Users\Its\.m2\repository\org\springframework\boot\spring-boot-starter-jdbc\2.7.7\spring-boot-starter-jdbc-2.7.7.jar;C:\Users\Its\.m2\repository\com\zaxxer\HikariCP\4.0.3\HikariCP-4.0.3.jar;C:\Users\Its\.m2\repository\org\springframework\spring-jdbc\5.3.24\spring-jdbc-5.3.24.jar;C:\Users\Its\.m2\repository\jakarta\transaction\jakarta.transaction-api\1.3.3\jakarta.transaction-api-1.3.3.jar;C:\Users\Its\.m2\repository\jakarta\persistence\jakarta.persistence-api\2.2.3\jakarta.persistence-api-2.2.3.jar;C:\Users\Its\.m2\repository\org\hibernate\hibernate-core\5.6.14.Final\hibernate-core-5.6.14.Final.jar;C:\Users\Its\.m2\repository\org\jboss\logging\jboss-logging\3.4.3.Final\jboss-logging-3.4.3.Final.jar;C:\Users\Its\.m2\repository\net\bytebuddy\byte-buddy\1.12.20\byte-buddy-1.12.20.jar;C:\Users\Its\.m2\repository\antlr\antlr\2.7.7\antlr-2.7.7.jar;C:\Users\Its\.m2\repository\org\jboss\jandex\2.4.2.Final\jandex-2.4.2.Final.jar;C:\Users\Its\.m2\repository\com\fasterxml\classmate\1.5.1\classmate-1.5.1.jar;C:\Users\Its\.m2\repository\org\hibernate\common\hibernate-commons-annotations\5.1.2.Final\hibernate-commons-annotations-5.1.2.Final.jar;C:\Users\Its\.m2\repository\org\glassfish\jaxb\jaxb-runtime\2.3.7\jaxb-runtime-2.3.7.jar;C:\Users\Its\.m2\repository\org\glassfish\jaxb\txw2\2.3.7\txw2-2.3.7.jar;C:\Users\Its\.m2\repository\com\sun\istack\istack-commons-runtime\3.0.12\istack-commons-runtime-3.0.12.jar;C:\Users\Its\.m2\repository\com\sun\activation\jakarta.activation\1.2.2\jak
Launcher Type: SUN_STANDARD

[Global flags]
     intx CICompilerCount                          = 3                                         {product} {ergonomic}
     uint ConcGCThreads                            = 1                                         {product} {ergonomic}
     uint G1ConcRefinementThreads                  = 4                                         {product} {ergonomic}
   size_t G1HeapRegionSize                         = 1048576                                   {product} {ergonomic}
    uintx GCDrainStackTargetSize                   = 64                                        {product} {ergonomic}
   size_t InitialHeapSize                          = 134217728                                 {product} {ergonomic}
     bool ManagementServer                         = true                                      {product} {command line}
   size_t MarkStackSize                            = 4194304                                   {product} {ergonomic}
   size_t MaxHeapSize                              = 2128609280                                {product} {ergonomic}
   size_t MaxNewSize                               = 1277165568                                {product} {ergonomic}
   size_t MinHeapDeltaBytes                        = 1048576                                   {product} {ergonomic}
   size_t MinHeapSize                              = 8388608                                   {product} {ergonomic}
    uintx NonProfiledCodeHeapSize                  = 0                                      {pd product} {ergonomic}
     bool ProfileInterpreter                       = false                                  {pd product} {command line}
    uintx ProfiledCodeHeapSize                     = 0                                      {pd product} {ergonomic}
     bool ShowCodeDetailsInExceptionMessages       = true                                   {manageable} {command line}
   size_t SoftMaxHeapSize                          = 2128609280                             {manageable} {ergonomic}
     intx TieredStopAtLevel                        = 1                                         {product} {command line}
     bool UseCompressedClassPointers               = true                           {product lp64_product} {ergonomic}
     bool UseCompressedOops                        = true                           {product lp64_product} {ergonomic}
     bool UseG1GC                                  = true                                      {product} {ergonomic}
     bool UseLargePagesIndividualAllocation        = false                                  {pd product} {ergonomic}

Logging:
Log output configuration:
 #0: stdout all=warning uptime,level,tags
 #1: stderr all=off uptime,level,tags

Environment Variables:
PATH=C:\Users\Its\Downloads\sts-4.16.1.RELEASE\plugins\org.eclipse.justj.openjdk.hotspot.jre.full.win32.x86_64_17.0.4.v20221004-1257\jre\bin;C:/Users/Its/Downloads/sts-4.16.1.RELEASE//plugins/org.eclipse.justj.openjdk.hotspot.jre.full.win32.x86_64_17.0.4.v20221004-1257/jre/bin/server;C:/Users/Its/Downloads/sts-4.16.1.RELEASE//plugins/org.eclipse.justj.openjdk.hotspot.jre.full.win32.x86_64_17.0.4.v20221004-1257/jre/bin;C:\Program Files\Common Files\Oracle\Java\javapath;C:\WINDOWS\system32;C:\WINDOWS;C:\WINDOWS\System32\Wbem;C:\WINDOWS\System32\WindowsPowerShell\v1.0\;C:\WINDOWS\System32\OpenSSH\;C:\Program Files\Git\cmd;C:\Program Files\Docker\Docker\resources\bin;C:\Program Files\MySQL\MySQL Shell 8.0\bin\;C:\Program Files\Java\jdk-19\bin;;C:\Users\Its\AppData\Local\Programs\Microsoft VS Code\bin;C:\Users\Its\Downloads\sts-4.16.1.RELEASE;
USERNAME=Its
OS=Windows_NT
PROCESSOR_IDENTIFIER=Intel64 Family 6 Model 60 Stepping 3, GenuineIntel
TMP=C:\Users\Its\AppData\Local\Temp
TEMP=C:\Users\Its\AppData\Local\Temp



---------------  S Y S T E M  ---------------

OS:
 Windows 10 , 64 bit Build 19041 (10.0.19041.2364)
OS uptime: 0 days 1:57 hours
Hyper-V role detected

CPU: total 4 (initial active 4) (4 cores per cpu, 1 threads per core) family 6 model 60 stepping 3 microcode 0x27, cx8, cmov, fxsr, mmx, sse, sse2, sse3, ssse3, sse4.1, sse4.2, popcnt, lzcnt, tsc, tscinvbit, avx, avx2, aes, erms, clmul, bmi1, bmi2, fma, vzeroupper, clflush, hv

Memory: 4k page, system-wide physical 8113M (1731M free)
TotalPageFile size 14513M (AvailPageFile size 5343M)
current process WorkingSet (physical memory assigned to process): 243M, peak: 243M
current process commit charge ("private bytes"): 268M, peak: 268M

vm_info: OpenJDK 64-Bit Server VM (17.0.4.1+1) for windows-amd64 JRE (17.0.4.1+1), built on Aug 17 2022 07:42:43 by "temurin" with MS VC++ 16.7 (VS2019)

END.
